[     119ms] [ERROR] A tree hydrated but some attributes of the server rendered HTML didn't match the client properties. This won't be patched up. This can happen if a SSR-ed Client Component used:

- A server/client branch `if (typeof window !== 'undefined')`.
- Variable input such as `Date.now()` or `Math.random()` which changes each time it's called.
- Date formatting in a user's locale which doesn't match the server.
- External changing data without sending a snapshot of it along with the HTML.
- Invalid HTML tag nesting.

It can also happen if the client has a browser extension installed which messes with the HTML before React loaded.

%s%s https://react.dev/link/hydration-mismatch 

  ...
    <HotReload globalError={[...]} webSocket={WebSocket} staticIndicatorState={{pathname:null, ...}}>
      <AppDevOverlayErrorBoundary globalError={[...]}>
        <ReplaySsrOnlyErrors>
        <DevRootHTTPAccessFallbackBoundary>
          <HTTPAccessFallbackBoundary notFound={<NotAllowedRootHTTPFallbackError>}>
            <HTTPAccessFallbackErrorBoundary pathname="/" notFound={<NotAllowedRootHTTPFallbackError>} ...>
              <RedirectBoundary>
                <RedirectErrorBoundary router={{...}}>
                  <Head>
                  <__next_root_layout_boundary__>
                    <SegmentViewNode type="layout" pagePath="layout.tsx">
                      <SegmentTrieNode>
                      <link>
                      <script>
                      <script>
                      <script>
                      <RootLayout>
                        <html lang="cs">
                          <body className="antialiase...">
                            <header>
                            <DesktopNav>
                            <main>
                            <footer>
                            <MobileNav>
                              <nav
+                               className="fixed bottom-0 left-0 right-0 z-50 border-t border-border/60 bg-card/95 bac..."
-                               className="fixed bottom-0 left-0 right-0 z-50 border-t border-border bg-card/95 backdr..."
                              >
                                <div
+                                 className="mx-auto flex h-16 max-w-5xl items-center justify-evenly px-1 pb-safe"
-                                 className="mx-auto flex h-14 max-w-5xl items-center justify-evenly px-1 pb-safe"
                                >
                                  <LinkComponent href="/" className="flex flex-...">
                                    <a
+                                     className="flex flex-col items-center gap-1 px-3 py-1.5 text-[10px] font-medium ..."
-                                     className="flex flex-col items-center gap-0.5 px-2 py-1 text-xs transition-color..."
                                      ref={function}
                                      onClick={function onClick}
                                      onMouseEnter={function onMouseEnter}
                                      onTouchStart={function onTouchStart}
                                      href="/"
                                    >
                                      <LayoutGrid className="h-5 w-5 st...">
                                        <svg
                                          ref={null}
                                          xmlns="http://www.w3.org/2000/svg"
                                          width={24}
                                          height={24}
                                          viewBox="0 0 24 24"
                                          fill="none"
                                          stroke="currentColor"
                                          strokeWidth={2}
                                          strokeLinecap="round"
                                          strokeLinejoin="round"
+                                         className="lucide lucide-layout-grid h-5 w-5 stroke-[2.5]"
-                                         className="lucide lucide-layout-grid h-5 w-5"
                                          aria-hidden="true"
                                        >
                                      ...
                                  <LinkComponent href="/bracket" className="flex flex-...">
                                    <a
+                                     className="flex flex-col items-center gap-1 px-3 py-1.5 text-[10px] font-medium ..."
-                                     className="flex flex-col items-center gap-0.5 px-2 py-1 text-xs transition-color..."
                                      ref={function}
                                      onClick={function onClick}
                                      onMouseEnter={function onMouseEnter}
                                      onTouchStart={function onTouchStart}
                                      href="/bracket"
                                    >
                                  <LinkComponent href="/groups" className="flex flex-...">
                                    <a
+                                     className="flex flex-col items-center gap-1 px-3 py-1.5 text-[10px] font-medium ..."
-                                     className="flex flex-col items-center gap-0.5 px-2 py-1 text-xs transition-color..."
                                      ref={function}
                                      onClick={function onClick}
                                      onMouseEnter={function onMouseEnter}
                                      onTouchStart={function onTouchStart}
                                      href="/groups"
                                    >
                                  <LinkComponent href="/matches" className="flex flex-...">
                                    <a
+                                     className="flex flex-col items-center gap-1 px-3 py-1.5 text-[10px] font-medium ..."
-                                     className="flex flex-col items-center gap-0.5 px-2 py-1 text-xs transition-color..."
                                      ref={function}
                                      onClick={function onClick}
                                      onMouseEnter={function onMouseEnter}
                                      onTouchStart={function onTouchStart}
                                      href="/matches"
                                    >
                                  <LinkComponent href="/teams" className="flex flex-...">
                                    <a
+                                     className="flex flex-col items-center gap-1 px-3 py-1.5 text-[10px] font-medium ..."
-                                     className="flex flex-col items-center gap-0.5 px-2 py-1 text-xs transition-color..."
                                      ref={function}
                                      onClick={function onClick}
                                      onMouseEnter={function onMouseEnter}
                                      onTouchStart={function onTouchStart}
                                      href="/teams"
                                    >
                  ...
 @ http://localhost:3456/_next/static/chunks/0vjs_next_dist_04xaebt._.js:3272
