[     141ms] [ERROR] Encountered two children with the same key, `%s`. Keys should be unique so that components maintain their identity across updates. Non-unique keys may cause children to be duplicated and/or omitted — the behavior is unsupported and could change in a future version. marie-pavelkova-eliska-voralkova @ http://localhost:3456/_next/static/chunks/0vjs_next_dist_04xaebt._.js:3272
[     142ms] [ERROR] Encountered two children with the same key, `%s`. Keys should be unique so that components maintain their identity across updates. Non-unique keys may cause children to be duplicated and/or omitted — the behavior is unsupported and could change in a future version. natalie-vanova-lea-klimentova @ http://localhost:3456/_next/static/chunks/0vjs_next_dist_04xaebt._.js:3272
[     142ms] [ERROR] Encountered two children with the same key, `%s`. Keys should be unique so that components maintain their identity across updates. Non-unique keys may cause children to be duplicated and/or omitted — the behavior is unsupported and could change in a future version. hana-stepankova-linda-hynkova @ http://localhost:3456/_next/static/chunks/0vjs_next_dist_04xaebt._.js:3272
[     142ms] [ERROR] Encountered two children with the same key, `%s`. Keys should be unique so that components maintain their identity across updates. Non-unique keys may cause children to be duplicated and/or omitted — the behavior is unsupported and could change in a future version. vanda-mastnikova-lucie-stepankova @ http://localhost:3456/_next/static/chunks/0vjs_next_dist_04xaebt._.js:3272
[     142ms] [ERROR] Encountered two children with the same key, `%s`. Keys should be unique so that components maintain their identity across updates. Non-unique keys may cause children to be duplicated and/or omitted — the behavior is unsupported and could change in a future version. zofie-rechtackova-marketa-brandejsova @ http://localhost:3456/_next/static/chunks/0vjs_next_dist_04xaebt._.js:3272
[     142ms] [ERROR] Encountered two children with the same key, `%s`. Keys should be unique so that components maintain their identity across updates. Non-unique keys may cause children to be duplicated and/or omitted — the behavior is unsupported and could change in a future version. laura-cejkova-lucie-frkalova @ http://localhost:3456/_next/static/chunks/0vjs_next_dist_04xaebt._.js:3272
[     195ms] Error: Hydration failed because the server rendered HTML didn't match the client. As a result this tree will be regenerated on the client. This can happen if a SSR-ed Client Component used:

- A server/client branch `if (typeof window !== 'undefined')`.
- Variable input such as `Date.now()` or `Math.random()` which changes each time it's called.
- Date formatting in a user's locale which doesn't match the server.
- External changing data without sending a snapshot of it along with the HTML.
- Invalid HTML tag nesting.

It can also happen if the client has a browser extension installed which messes with the HTML before React loaded.

https://react.dev/link/hydration-mismatch

  ...
    <RenderFromTemplateContext>
      <ScrollAndMaybeFocusHandler cacheNode={{rsc:{...}, ...}}>
        <InnerScrollAndFocusHandlerOld focusAndScrollRef={{scrollRef:null, ...}} cacheNode={{rsc:{...}, ...}}>
          <ErrorBoundary errorComponent={undefined} errorStyles={undefined} errorScripts={undefined}>
            <LoadingBoundary name="teams/" loading={null}>
              <HTTPAccessFallbackBoundary notFound={undefined} forbidden={undefined} unauthorized={undefined}>
                <RedirectBoundary>
                  <RedirectErrorBoundary router={{...}}>
                    <InnerLayoutRouter url="/teams" tree={[...]} params={{}} cacheNode={{rsc:{...}, ...}} ...>
                      <SegmentViewNode type="page" pagePath="teams/page...">
                        <SegmentTrieNode>
                        <TeamsPage>
                          <AutoRefresh>
                          <div>
                          <TeamsList teams={[...]} matches={[...]}>
                            <div className="space-y-4">
                              <div className="relative">
                                <Search>
                                <input
                                  type="text"
                                  placeholder="Hledat tým nebo hráče..."
                                  value=""
                                  onChange={function onChange}
+                                 className="w-full rounded-xl border border-input bg-card px-10 py-3 text-sm placehol..."
-                                 className="w-full rounded-lg border border-input bg-card px-10 py-2.5 text-sm placeh..."
                                >
+                             <p className="text-xs text-muted-foreground px-1">
-                             <div className="grid gap-3 md:grid-cols-2 lg:grid-cols-3">
                              ...
                      ...
                    ...
          ...

    at throwOnHydrationMismatch (http://localhost:3456/_next/static/chunks/0vjs_next_dist_compiled_react-dom_0mk2vai._.js:3318:56)
    at beginWork (http://localhost:3456/_next/static/chunks/0vjs_next_dist_compiled_react-dom_0mk2vai._.js:6758:918)
    at runWithFiberInDEV (http://localhost:3456/_next/static/chunks/0vjs_next_dist_compiled_react-dom_0mk2vai._.js:965:74)
    at performUnitOfWork (http://localhost:3456/_next/static/chunks/0vjs_next_dist_compiled_react-dom_0mk2vai._.js:9555:97)
    at workLoopConcurrentByScheduler (http://localhost:3456/_next/static/chunks/0vjs_next_dist_compiled_react-dom_0mk2vai._.js:9551:58)
    at renderRootConcurrent (http://localhost:3456/_next/static/chunks/0vjs_next_dist_compiled_react-dom_0mk2vai._.js:9534:71)
    at performWorkOnRoot (http://localhost:3456/_next/static/chunks/0vjs_next_dist_compiled_react-dom_0mk2vai._.js:9061:150)
    at performWorkOnRootViaSchedulerTask (http://localhost:3456/_next/static/chunks/0vjs_next_dist_compiled_react-dom_0mk2vai._.js:10255:9)
    at MessagePort.performWorkUntilDeadline (http://localhost:3456/_next/static/chunks/0vjs_next_dist_compiled_0i0mr7w._.js:2647:64)
[   60224ms] [ERROR] Encountered two children with the same key, `%s`. Keys should be unique so that components maintain their identity across updates. Non-unique keys may cause children to be duplicated and/or omitted — the behavior is unsupported and could change in a future version. marie-pavelkova-eliska-voralkova @ http://localhost:3456/_next/static/chunks/0vjs_next_dist_04xaebt._.js:3272
[   60224ms] [ERROR] Encountered two children with the same key, `%s`. Keys should be unique so that components maintain their identity across updates. Non-unique keys may cause children to be duplicated and/or omitted — the behavior is unsupported and could change in a future version. natalie-vanova-lea-klimentova @ http://localhost:3456/_next/static/chunks/0vjs_next_dist_04xaebt._.js:3272
[   60224ms] [ERROR] Encountered two children with the same key, `%s`. Keys should be unique so that components maintain their identity across updates. Non-unique keys may cause children to be duplicated and/or omitted — the behavior is unsupported and could change in a future version. hana-stepankova-linda-hynkova @ http://localhost:3456/_next/static/chunks/0vjs_next_dist_04xaebt._.js:3272
[   60224ms] [ERROR] Encountered two children with the same key, `%s`. Keys should be unique so that components maintain their identity across updates. Non-unique keys may cause children to be duplicated and/or omitted — the behavior is unsupported and could change in a future version. vanda-mastnikova-lucie-stepankova @ http://localhost:3456/_next/static/chunks/0vjs_next_dist_04xaebt._.js:3272
[   60224ms] [ERROR] Encountered two children with the same key, `%s`. Keys should be unique so that components maintain their identity across updates. Non-unique keys may cause children to be duplicated and/or omitted — the behavior is unsupported and could change in a future version. zofie-rechtackova-marketa-brandejsova @ http://localhost:3456/_next/static/chunks/0vjs_next_dist_04xaebt._.js:3272
[   60224ms] [ERROR] Encountered two children with the same key, `%s`. Keys should be unique so that components maintain their identity across updates. Non-unique keys may cause children to be duplicated and/or omitted — the behavior is unsupported and could change in a future version. laura-cejkova-lucie-frkalova @ http://localhost:3456/_next/static/chunks/0vjs_next_dist_04xaebt._.js:3272
